TN:
SF:src/attribute-context.tsx
FN:22,AttributeContextProvider
FN:30,useAttributeContext
FNF:2
FNH:2
FNDA:20,AttributeContextProvider
FNDA:20,useAttributeContext
DA:1,1
DA:2,1
DA:3,1
DA:4,1
DA:5,1
DA:6,1
DA:7,1
DA:8,1
DA:9,1
DA:10,1
DA:11,1
DA:12,1
DA:13,1
DA:14,1
DA:15,1
DA:16,1
DA:17,1
DA:18,1
DA:19,1
DA:20,1
DA:21,1
DA:22,20
DA:23,20
DA:24,20
DA:25,20
DA:26,1
DA:27,1
DA:28,1
DA:29,1
DA:30,20
DA:31,20
DA:32,20
LF:32
LH:32
BRDA:22,0,0,20
BRDA:30,1,0,20
BRF:2
BRH:2
end_of_record
TN:
SF:src/attribute-hook.ts
FN:1,(empty-report)
FNF:1
FNH:0
FNDA:0,(empty-report)
DA:1,0
DA:2,0
DA:3,0
DA:4,0
DA:5,0
DA:6,0
DA:7,0
DA:8,0
DA:9,0
DA:10,0
DA:11,0
DA:12,0
DA:13,0
DA:14,0
DA:15,0
DA:16,0
DA:17,0
DA:18,0
DA:19,0
DA:20,0
DA:21,0
DA:22,0
DA:23,0
DA:24,0
DA:25,0
DA:26,0
DA:27,0
DA:28,0
DA:29,0
DA:30,0
DA:31,0
DA:32,0
DA:33,0
DA:34,0
DA:35,0
DA:36,0
DA:37,0
DA:38,0
DA:39,0
DA:40,0
DA:41,0
DA:42,0
DA:43,0
DA:44,0
DA:45,0
DA:46,0
DA:47,0
LF:47
LH:0
BRDA:1,0,0,0
BRF:1
BRH:0
end_of_record
TN:
SF:src/base-group-props.ts
FN:1,(empty-report)
FNF:1
FNH:0
FNDA:0,(empty-report)
DA:1,0
DA:2,0
DA:3,0
DA:4,0
DA:5,0
DA:6,0
DA:7,0
DA:8,0
DA:9,0
DA:10,0
DA:11,0
DA:12,0
DA:13,0
LF:13
LH:0
BRDA:1,0,0,0
BRF:1
BRH:0
end_of_record
TN:
SF:src/check-group.tsx
FN:8,useCheckboxAttribute
FN:18,onChange
FN:37,CheckGroup
FNF:3
FNH:3
FNDA:3,useCheckboxAttribute
FNDA:2,onChange
FNDA:3,CheckGroup
DA:1,1
DA:2,1
DA:3,1
DA:4,1
DA:5,1
DA:6,1
DA:7,1
DA:8,1
DA:9,3
DA:10,3
DA:11,3
DA:12,3
DA:13,3
DA:14,3
DA:15,3
DA:16,3
DA:17,3
DA:18,3
DA:19,2
DA:20,3
DA:21,3
DA:22,3
DA:23,3
DA:24,1
DA:25,1
DA:26,1
DA:27,1
DA:28,1
DA:29,1
DA:30,1
DA:31,1
DA:32,1
DA:33,1
DA:34,1
DA:35,1
DA:36,1
DA:37,1
DA:38,3
DA:39,3
DA:40,1
DA:41,1
LF:41
LH:41
BRDA:8,0,0,3
BRDA:18,1,0,2
BRDA:37,2,0,3
BRF:3
BRH:3
end_of_record
TN:
SF:src/dot-notation.ts
FN:15,get
FN:37,set
FNF:2
FNH:2
FNDA:104,get
FNDA:25,set
DA:1,1
DA:2,1
DA:3,1
DA:4,1
DA:5,1
DA:6,1
DA:7,1
DA:8,1
DA:9,1
DA:10,1
DA:11,1
DA:12,1
DA:13,1
DA:14,1
DA:15,104
DA:16,104
DA:17,1
DA:18,1
DA:19,103
DA:20,104
DA:21,60
DA:22,60
DA:23,103
DA:24,104
DA:25,131
DA:26,131
DA:27,49
DA:28,49
DA:29,131
DA:30,54
DA:31,54
DA:32,54
DA:33,1
DA:34,1
DA:35,1
DA:36,1
DA:37,25
DA:38,25
DA:39,0
DA:40,0
DA:41,25
DA:42,25
DA:43,25
DA:44,25
DA:45,25
DA:46,25
DA:47,16
DA:48,16
DA:49,0
DA:50,0
DA:51,16
DA:52,16
DA:53,1
DA:54,1
DA:55,16
DA:56,16
DA:57,16
DA:58,25
DA:59,25
DA:60,25
DA:61,0
DA:62,0
DA:63,25
DA:64,25
DA:65,25
LF:65
LH:59
BRDA:15,0,0,104
BRDA:16,1,0,1
BRDA:19,2,0,103
BRDA:20,3,0,60
BRDA:23,4,0,103
BRDA:24,5,0,131
BRDA:26,6,0,49
BRDA:30,7,0,54
BRDA:37,8,0,25
BRDA:38,9,0,0
BRDA:46,10,0,16
BRDA:48,11,0,0
BRDA:52,12,0,1
BRDA:60,13,0,0
BRF:14
BRH:11
end_of_record
TN:
SF:src/form-context.tsx
FN:14,useFormContext
FNF:1
FNH:1
FNDA:59,useFormContext
DA:1,1
DA:2,1
DA:3,1
DA:4,1
DA:5,1
DA:6,1
DA:7,1
DA:8,1
DA:9,1
DA:10,1
DA:11,1
DA:12,1
DA:13,1
DA:14,59
DA:15,59
DA:16,59
LF:16
LH:16
BRDA:14,0,0,59
BRF:1
BRH:1
end_of_record
TN:
SF:src/form.tsx
FN:66,Form
FN:113,Form.submit
FN:128,Form.getAttribute
FN:135,Form.setAttribute
FN:157,Form.firstError
FN:166,Form.queueValidation
FN:185,Form.validateTimeout
FN:204,Form.validate
FN:237,Form.validateAttribute
FN:260,Form.getContextValue
FN:212,validateInternal
FN:271,render
FNF:12
FNH:11
FNDA:8,Form
FNDA:12,Form.submit
FNDA:58,Form.getAttribute
FNDA:23,Form.setAttribute
FNDA:42,Form.firstError
FNDA:23,Form.queueValidation
FNDA:0,Form.validateTimeout
FNDA:12,Form.validate
FNDA:15,Form.validateAttribute
FNDA:32,Form.getContextValue
FNDA:16,validateInternal
FNDA:32,render
DA:1,1
DA:2,1
DA:3,1
DA:4,1
DA:5,1
DA:6,1
DA:7,1
DA:8,1
DA:9,1
DA:10,1
DA:11,1
DA:12,1
DA:13,1
DA:14,1
DA:15,1
DA:16,1
DA:17,1
DA:18,1
DA:19,1
DA:20,1
DA:21,1
DA:22,1
DA:23,1
DA:24,1
DA:25,1
DA:26,1
DA:27,1
DA:28,1
DA:29,1
DA:30,1
DA:31,1
DA:32,1
DA:33,1
DA:34,1
DA:35,1
DA:36,1
DA:37,1
DA:38,1
DA:39,1
DA:40,1
DA:41,1
DA:42,1
DA:43,1
DA:44,1
DA:45,1
DA:46,1
DA:47,1
DA:48,1
DA:49,1
DA:50,1
DA:51,1
DA:52,1
DA:53,1
DA:54,1
DA:55,1
DA:56,1
DA:57,1
DA:58,1
DA:59,1
DA:60,1
DA:61,1
DA:62,1
DA:63,1
DA:64,1
DA:65,1
DA:66,8
DA:67,8
DA:68,8
DA:69,8
DA:70,8
DA:71,8
DA:72,8
DA:73,8
DA:74,8
DA:75,8
DA:76,8
DA:77,8
DA:78,8
DA:79,8
DA:80,8
DA:81,8
DA:82,8
DA:83,8
DA:84,8
DA:85,8
DA:86,8
DA:87,8
DA:88,8
DA:89,8
DA:90,8
DA:91,8
DA:92,8
DA:93,8
DA:94,8
DA:95,8
DA:96,8
DA:97,8
DA:98,8
DA:99,8
DA:100,8
DA:101,8
DA:102,8
DA:103,8
DA:104,8
DA:105,8
DA:106,8
DA:107,8
DA:108,8
DA:109,8
DA:110,8
DA:111,8
DA:112,8
DA:113,8
DA:114,12
DA:115,12
DA:116,12
DA:117,1
DA:118,1
DA:119,11
DA:120,11
DA:121,11
DA:122,11
DA:123,8
DA:124,8
DA:125,8
DA:126,8
DA:127,8
DA:128,8
DA:129,58
DA:130,8
DA:131,8
DA:132,8
DA:133,8
DA:134,8
DA:135,8
DA:136,23
DA:137,23
DA:138,23
DA:139,23
DA:140,23
DA:141,23
DA:142,23
DA:143,23
DA:144,0
DA:145,0
DA:146,0
DA:147,0
DA:148,0
DA:149,23
DA:150,23
DA:151,8
DA:152,8
DA:153,8
DA:154,8
DA:155,8
DA:156,8
DA:157,8
DA:158,42
DA:159,8
DA:160,8
DA:161,8
DA:162,8
DA:163,8
DA:164,8
DA:165,8
DA:166,8
DA:167,23
DA:168,8
DA:169,8
DA:170,23
DA:171,23
DA:172,17
DA:173,17
DA:174,23
DA:175,23
DA:176,8
DA:177,8
DA:178,8
DA:179,8
DA:180,8
DA:181,8
DA:182,8
DA:183,8
DA:184,8
DA:185,8
DA:186,0
DA:187,0
DA:188,0
DA:189,0
DA:190,0
DA:191,0
DA:192,0
DA:193,0
DA:194,0
DA:195,0
DA:196,0
DA:197,8
DA:198,8
DA:199,8
DA:200,8
DA:201,8
DA:202,8
DA:203,8
DA:204,8
DA:205,12
DA:206,12
DA:207,12
DA:208,12
DA:209,12
DA:210,8
DA:211,8
DA:212,8
DA:213,16
DA:214,16
DA:215,16
DA:216,16
DA:217,16
DA:218,16
DA:219,19
DA:220,19
DA:221,4
DA:222,4
DA:223,4
DA:224,15
DA:225,15
DA:226,19
DA:227,1
DA:228,1
DA:229,1
DA:230,19
DA:231,16
DA:232,8
DA:233,8
DA:234,8
DA:235,8
DA:236,8
DA:237,8
DA:238,15
DA:239,15
DA:240,2
DA:241,2
DA:242,1
DA:243,1
DA:244,2
DA:245,15
DA:246,15
DA:247,15
DA:248,1
DA:249,1
DA:250,1
DA:251,1
DA:252,1
DA:253,15
DA:254,15
DA:255,8
DA:256,8
DA:257,8
DA:258,8
DA:259,8
DA:260,8
DA:261,32
DA:262,32
DA:263,32
DA:264,32
DA:265,32
DA:266,32
DA:267,32
DA:268,32
DA:269,8
DA:270,8
DA:271,8
DA:272,32
DA:273,32
DA:274,32
DA:275,32
DA:276,32
DA:277,32
DA:278,8
DA:279,1
DA:280,1
LF:280
LH:264
BRDA:66,0,0,8
BRDA:113,1,0,12
BRDA:116,2,0,1
BRDA:119,3,0,11
BRDA:128,4,0,58
BRDA:129,5,0,12
BRDA:135,6,0,23
BRDA:143,7,0,0
BRDA:157,8,0,42
BRDA:166,9,0,23
BRDA:167,10,0,8
BRDA:171,11,0,17
BRDA:204,12,0,12
BRDA:237,13,0,15
BRDA:239,14,0,2
BRDA:241,15,0,1
BRDA:242,16,0,0
BRDA:247,17,0,1
BRDA:242,18,0,1
BRDA:260,19,0,32
BRDA:212,20,0,16
BRDA:218,21,0,19
BRDA:219,22,0,5
BRDA:219,23,0,14
BRDA:220,24,0,4
BRDA:224,25,0,15
BRDA:226,26,0,1
BRDA:271,27,0,32
BRF:28
BRH:26
end_of_record
TN:
SF:src/index.ts
FNF:0
FNH:0
DA:1,1
DA:2,1
DA:3,1
DA:4,1
DA:5,1
DA:6,1
DA:7,1
DA:8,1
LF:8
LH:8
BRF:0
BRH:0
end_of_record
TN:
SF:src/input-group.tsx
FN:12,useTextAttribute
FN:21,onChange
FN:43,InputGroup
FNF:3
FNH:3
FNDA:29,useTextAttribute
FNDA:15,onChange
FNDA:29,InputGroup
DA:1,1
DA:2,1
DA:3,1
DA:4,1
DA:5,1
DA:6,1
DA:7,1
DA:8,1
DA:9,1
DA:10,1
DA:11,1
DA:12,1
DA:13,29
DA:14,29
DA:15,29
DA:16,29
DA:17,29
DA:18,29
DA:19,29
DA:20,29
DA:21,29
DA:22,15
DA:23,29
DA:24,29
DA:25,29
DA:26,29
DA:27,1
DA:28,1
DA:29,1
DA:30,1
DA:31,1
DA:32,1
DA:33,1
DA:34,1
DA:35,1
DA:36,1
DA:37,1
DA:38,1
DA:39,1
DA:40,1
DA:41,1
DA:42,1
DA:43,1
DA:44,29
DA:45,29
DA:46,1
DA:47,1
LF:47
LH:47
BRDA:12,0,0,29
BRDA:21,1,0,15
BRDA:43,2,0,29
BRF:3
BRH:3
end_of_record
TN:
SF:src/list-group.tsx
FN:22,ListGroup
FN:30,add
FN:38,newItem
FN:55,ListOption
FNF:4
FNH:3
FNDA:17,ListGroup
FNDA:2,add
FNDA:0,newItem
FNDA:17,ListOption
DA:1,1
DA:2,1
DA:3,1
DA:4,1
DA:5,1
DA:6,1
DA:7,1
DA:8,1
DA:9,1
DA:10,1
DA:11,1
DA:12,1
DA:13,1
DA:14,1
DA:15,1
DA:16,1
DA:17,1
DA:18,1
DA:19,1
DA:20,1
DA:21,1
DA:22,1
DA:23,17
DA:24,17
DA:25,17
DA:26,17
DA:27,0
DA:28,0
DA:29,17
DA:30,17
DA:31,2
DA:32,17
DA:33,17
DA:34,17
DA:35,17
DA:36,1
DA:37,1
DA:38,1
DA:39,1
DA:40,1
DA:41,1
DA:42,1
DA:43,1
DA:44,1
DA:45,1
DA:46,1
DA:47,1
DA:48,1
DA:49,1
DA:50,1
DA:51,1
DA:52,1
DA:53,1
DA:54,1
DA:55,1
DA:56,17
DA:57,17
DA:58,17
DA:59,17
DA:60,17
DA:61,24
DA:62,24
DA:63,24
DA:64,17
DA:65,17
DA:66,17
DA:67,17
DA:68,1
DA:69,1
LF:69
LH:67
BRDA:22,0,0,17
BRDA:26,1,0,0
BRDA:30,2,0,2
BRDA:55,3,0,17
BRDA:60,4,0,24
BRF:5
BRH:4
end_of_record
TN:
SF:src/radio-group.tsx
FN:29,RadioGroup
FN:40,RadioOption
FN:58,onChange
FNF:3
FNH:3
FNDA:3,RadioGroup
FNDA:3,RadioOption
FNDA:2,onChange
DA:1,1
DA:2,1
DA:3,1
DA:4,1
DA:5,1
DA:6,1
DA:7,1
DA:8,1
DA:9,1
DA:10,1
DA:11,1
DA:12,1
DA:13,1
DA:14,1
DA:15,1
DA:16,1
DA:17,1
DA:18,1
DA:19,1
DA:20,1
DA:21,1
DA:22,1
DA:23,1
DA:24,1
DA:25,1
DA:26,1
DA:27,1
DA:28,1
DA:29,1
DA:30,3
DA:31,3
DA:32,3
DA:33,3
DA:34,3
DA:35,1
DA:36,1
DA:37,1
DA:38,1
DA:39,1
DA:40,1
DA:41,3
DA:42,3
DA:43,3
DA:44,3
DA:45,3
DA:46,3
DA:47,3
DA:48,3
DA:49,3
DA:50,6
DA:51,6
DA:52,6
DA:53,6
DA:54,6
DA:55,6
DA:56,6
DA:57,6
DA:58,6
DA:59,6
DA:60,6
DA:61,3
DA:62,3
DA:63,3
DA:64,3
DA:65,1
DA:66,1
LF:66
LH:66
BRDA:29,0,0,3
BRDA:40,1,0,3
BRDA:49,2,0,6
BRDA:58,3,0,2
BRF:4
BRH:4
end_of_record
TN:
SF:src/select-group.tsx
FN:8,filterOptions
FN:14,useSelectAttribute
FN:24,onChange
FN:40,SelectGroup
FNF:4
FNH:4
FNDA:1,filterOptions
FNDA:4,useSelectAttribute
FNDA:2,onChange
FNDA:4,SelectGroup
DA:1,1
DA:2,1
DA:3,1
DA:4,1
DA:5,1
DA:6,1
DA:7,1
DA:8,1
DA:9,1
DA:10,1
DA:11,1
DA:12,1
DA:13,1
DA:14,1
DA:15,4
DA:16,4
DA:17,4
DA:18,4
DA:19,4
DA:20,4
DA:21,4
DA:22,4
DA:23,4
DA:24,4
DA:25,2
DA:26,4
DA:27,4
DA:28,4
DA:29,4
DA:30,1
DA:31,1
DA:32,1
DA:33,1
DA:34,1
DA:35,1
DA:36,1
DA:37,1
DA:38,1
DA:39,1
DA:40,1
DA:41,4
DA:42,4
DA:43,1
DA:44,1
LF:44
LH:44
BRDA:8,0,0,1
BRDA:10,1,0,1
BRDA:11,2,0,1
BRDA:14,3,0,4
BRDA:22,4,0,2
BRDA:22,5,0,2
BRDA:24,6,0,2
BRDA:25,7,0,1
BRDA:25,8,0,1
BRDA:40,9,0,4
BRF:10
BRH:10
end_of_record
